Using pre-set license
Built from '2022.1/staging' branch; Version is '2022.1.13f1 (22856944e6d2) revision 2262377'; Using compiler version '192829333'; Build Type 'Release'
OS: 'Windows 10  (10.0.19041) 64bit Professional' Language: 'ru' Physical Memory: 16357 MB
BatchMode: 1, IsHumanControllingUs: 0, StartBugReporterOnCrash: 0, Is64bit: 1, IsPro: 1

COMMAND LINE ARGUMENTS:
D:\2022.1.13f1\Editor\Unity.exe
-adb2
-batchMode
-noUpm
-name
AssetImportWorker12
-projectPath
D:/work/Unity Hub/My project (6)
-logFile
Logs/AssetImportWorker12.log
-srvPort
61941
Successfully changed project path to: D:/work/Unity Hub/My project (6)
D:/work/Unity Hub/My project (6)
[UnityMemory] Configuration Parameters - Can be set up in boot.config
    "memorysetup-bucket-allocator-granularity=16"
    "memorysetup-bucket-allocator-bucket-count=8"
    "memorysetup-bucket-allocator-block-size=33554432"
    "memorysetup-bucket-allocator-block-count=8"
    "memorysetup-main-allocator-block-size=16777216"
    "memorysetup-thread-allocator-block-size=16777216"
    "memorysetup-gfx-main-allocator-block-size=16777216"
    "memorysetup-gfx-thread-allocator-block-size=16777216"
    "memorysetup-cache-allocator-block-size=4194304"
    "memorysetup-typetree-allocator-block-size=2097152"
    "memorysetup-profiler-bucket-allocator-granularity=16"
    "memorysetup-profiler-bucket-allocator-bucket-count=8"
    "memorysetup-profiler-bucket-allocator-block-size=33554432"
    "memorysetup-profiler-bucket-allocator-block-count=8"
    "memorysetup-profiler-allocator-block-size=16777216"
    "memorysetup-profiler-editor-allocator-block-size=1048576"
    "memorysetup-temp-allocator-size-main=16777216"
    "memorysetup-job-temp-allocator-block-size=2097152"
    "memorysetup-job-temp-allocator-block-size-background=1048576"
    "memorysetup-job-temp-allocator-reduction-small-platforms=262144"
    "memorysetup-temp-allocator-size-background-worker=32768"
    "memorysetup-temp-allocator-size-job-worker=262144"
    "memorysetup-temp-allocator-size-preload-manager=33554432"
    "memorysetup-temp-allocator-size-nav-mesh-worker=65536"
    "memorysetup-temp-allocator-size-audio-worker=65536"
    "memorysetup-temp-allocator-size-cloud-worker=32768"
    "memorysetup-temp-allocator-size-gi-baking-worker=262144"
    "memorysetup-temp-allocator-size-gfx=262144"
Refreshing native plugins compatible for Editor in 331.25 ms, found 9 plugins.
Preloading 0 native plugins for Editor in 0.00 ms.
Initialize engine version: 2022.1.13f1 (22856944e6d2)
[Subsystems] Discovering subsystems at path D:/2022.1.13f1/Editor/Data/Resources/UnitySubsystems
[Subsystems] Discovering subsystems at path D:/work/Unity Hub/My project (6)/Assets
GfxDevice: creating device client; threaded=0; jobified=0
Direct3D:
    Version:  Direct3D 11.0 [level 11.1]
    Renderer: Radeon RX 570 Series (ID=0x67df)
    Vendor:   ATI
    VRAM:     8170 MB
    Driver:   30.0.15021.11005
Initialize mono
Mono path[0] = 'D:/2022.1.13f1/Editor/Data/Managed'
Mono path[1] = 'D:/2022.1.13f1/Editor/Data/MonoBleedingEdge/lib/mono/unityjit-win32'
Mono config path = 'D:/2022.1.13f1/Editor/Data/MonoBleedingEdge/etc'
Using monoOptions --debugger-agent=transport=dt_socket,embedding=1,server=y,suspend=n,address=127.0.0.1:56484
Begin MonoManager ReloadAssembly
Registering precompiled unity dll's ...
Register platform support module: D:/2022.1.13f1/Editor/Data/PlaybackEngines/AndroidPlayer/UnityEditor.Android.Extensions.dll
Register platform support module: D:/2022.1.13f1/Editor/Data/PlaybackEngines/WindowsStandaloneSupport/UnityEditor.WindowsStandalone.Extensions.dll
Registered in 0.037710 seconds.
Native extension for WindowsStandalone target not found
Native extension for Android target not found
Refreshing native plugins compatible for Editor in 329.50 ms, found 9 plugins.
Preloading 0 native plugins for Editor in 0.00 ms.
Mono: successfully reloaded assembly
- Completed reload, in  2.427 seconds
Domain Reload Profiling:
	ReloadAssembly (2428ms)
		BeginReloadAssembly (278ms)
			ExecutionOrderSort (0ms)
			DisableScriptedObjects (0ms)
			BackupInstance (0ms)
			ReleaseScriptingObjects (0ms)
			CreateAndSetChildDomain (2ms)
		EndReloadAssembly (1738ms)
			LoadAssemblies (266ms)
			RebuildTransferFunctionScriptingTraits (0ms)
			SetupTypeCache (398ms)
				TypeCache.Initialize (397ms)
					TypeCache.ScanAssembly (393ms)
				ResolveRequiredComponents (1ms)
			ReleaseScriptCaches (0ms)
			RebuildScriptCaches (94ms)
			SetupLoadedEditorAssemblies (1056ms)
				LogAssemblyErrors (0ms)
				InitializePlatformSupportModulesInManaged (184ms)
				SetLoadedEditorAssemblies (28ms)
				RefreshPlugins (330ms)
				BeforeProcessingInitializeOnLoad (3ms)
				ProcessInitializeOnLoadAttributes (349ms)
				ProcessInitializeOnLoadMethodAttributes (161ms)
				AfterProcessingInitializeOnLoad (0ms)
				EditorAssembliesLoaded (0ms)
			ExecutionOrderSort2 (0ms)
			AwakeInstancesAfterBackupRestoration (0ms)
Platform modules already initialized, skipping
Registering precompiled user dll's ...
Registered in 0.042539 seconds.
Begin MonoManager ReloadAssembly
Symbol file LoadedFromMemory doesn't match image D:\work\Unity Hub\My project (6)\Library\PackageCache\com.unity.visualscripting@1.7.8\Editor\VisualScripting.Core\Dependencies\DotNetZip\Unity.VisualScripting.IonicZip.dll
Symbol file LoadedFromMemory doesn't match image D:\work\Unity Hub\My project (6)\Library\PackageCache\com.unity.visualscripting@1.7.8\Editor\VisualScripting.Core\Dependencies\YamlDotNet\Unity.VisualScripting.YamlDotNet.dll
Native extension for WindowsStandalone target not found
Native extension for Android target not found
Refreshing native plugins compatible for Editor in 351.19 ms, found 9 plugins.
Preloading 0 native plugins for Editor in 0.00 ms.
Package Manager log level set to [2]
[Package Manager] Server::EnsureServerProcessIsRunning -- launch failed, reason: Unity was launched with the -noUpm command-line argument
[Package Manager] UpmClient::Send -- Unable to send message (not connected to UPM process).
[Package Manager] Cannot connect to Unity Package Manager local server
Mono: successfully reloaded assembly
[Package Manager] Server::EnsureServerProcessIsRunning -- launch failed, reason: Unity was launched with the -noUpm command-line argument
[Package Manager] UpmClient::Send -- Unable to send message (not connected to UPM process).
[Package Manager] Cannot connect to Unity Package Manager local server
[Package Manager] Server::EnsureServerProcessIsRunning -- launch failed, reason: Unity was launched with the -noUpm command-line argument
[Package Manager] UpmClient::Send -- Unable to send message (not connected to UPM process).
[Package Manager] Cannot connect to Unity Package Manager local server
- Completed reload, in  5.622 seconds
Domain Reload Profiling:
	ReloadAssembly (5626ms)
		BeginReloadAssembly (792ms)
			ExecutionOrderSort (0ms)
			DisableScriptedObjects (28ms)
			BackupInstance (0ms)
			ReleaseScriptingObjects (0ms)
			CreateAndSetChildDomain (309ms)
		EndReloadAssembly (4316ms)
			LoadAssemblies (388ms)
			RebuildTransferFunctionScriptingTraits (0ms)
			SetupTypeCache (1173ms)
				TypeCache.Initialize (1152ms)
					TypeCache.ScanAssembly (1139ms)
				ResolveRequiredComponents (21ms)
			ReleaseScriptCaches (2ms)
			RebuildScriptCaches (219ms)
			SetupLoadedEditorAssemblies (2356ms)
				LogAssemblyErrors (0ms)
				InitializePlatformSupportModulesInManaged (51ms)
				SetLoadedEditorAssemblies (20ms)
				RefreshPlugins (351ms)
				BeforeProcessingInitializeOnLoad (514ms)
				ProcessInitializeOnLoadAttributes (1207ms)
				ProcessInitializeOnLoadMethodAttributes (164ms)
				AfterProcessingInitializeOnLoad (48ms)
				EditorAssembliesLoaded (1ms)
			ExecutionOrderSort2 (0ms)
			AwakeInstancesAfterBackupRestoration (33ms)
Platform modules already initialized, skipping
========================================================================
Worker process is ready to serve import requests
Launched and connected shader compiler UnityShaderCompiler.exe after 0.28 seconds
Refreshing native plugins compatible for Editor in 2.13 ms, found 9 plugins.
Preloading 0 native plugins for Editor in 0.00 ms.
Unloading 4555 Unused Serialized files (Serialized files now loaded: 0)
Unloading 49 unused Assets / (79.4 KB). Loaded Objects now: 5000.
Memory consumption went from 0.68 GB to 0.68 GB.
Total: 9.144200 ms (FindLiveObjects: 0.600700 ms CreateObjectMapping: 0.484400 ms MarkObjects: 7.889900 ms  DeleteObjects: 0.164100 ms)

AssetImportParameters requested are different than current active one (requested -> active):
  custom:video-decoder-ogg-theora: a1e56fd34408186e4bbccfd4996cb3dc -> 
  custom:container-muxer-webm: aa71ff27fc2769a1b78a27578f13a17b -> 
  custom:container-demuxer-webm: 4f35f7cbe854078d1ac9338744f61a02 -> 
  custom:video-encoder-webm-vp8: eb34c28f22e8b96e1ab97ce403110664 -> 
  custom:audio-encoder-webm-vorbis: bf7c407c2cedff20999df2af8eb42d56 -> 
  custom:framework-win-MediaFoundation: 216162199b28c13a410421893ffa2e32 -> 
  custom:container-demuxer-ogg: 62fdf1f143b41e24485cea50d1cbac27 -> 
  custom:video-decoder-webm-vp8: 9c59270c3fd7afecdb556c50c9e8de78 -> 
  custom:audio-decoder-ogg-vorbis: bf7c407c2cedff20999df2af8eb42d56 -> 
========================================================================
Received Import Request.
  Time since last request: 6410.798416 seconds.
  path: Assets/ExampleAssets/Scripts/NewBehaviourScript.cs
  artifactKey: Guid(8efddbdd36475d8468f349be2862c693) Importer(815301076,1909f56bfc062723c751e8b465ee728b)
Start importing Assets/ExampleAssets/Scripts/NewBehaviourScript.cs using Guid(8efddbdd36475d8468f349be2862c693) Importer(815301076,1909f56bfc062723c751e8b465ee728b)  -> (artifact id: '9cb7a434c9bced75e630a3284e46f576') in 0.094108 seconds 
========================================================================
Received Import Request.
  Time since last request: 107.514199 seconds.
  path: Assets/ExampleAssets/Scripts/EnemyDatabase.cs
  artifactKey: Guid(8efddbdd36475d8468f349be2862c693) Importer(815301076,1909f56bfc062723c751e8b465ee728b)
Start importing Assets/ExampleAssets/Scripts/EnemyDatabase.cs using Guid(8efddbdd36475d8468f349be2862c693) Importer(815301076,1909f56bfc062723c751e8b465ee728b)  -> (artifact id: 'f25fba99fc8fe4fa66a3236ae879b3c5') in 0.004829 seconds 
========================================================================
Received Import Request.
  Time since last request: 373.973772 seconds.
  path: Assets/ExampleAssets/Scripts/EnemyDatabase.cs
  artifactKey: Guid(8efddbdd36475d8468f349be2862c693) Importer(815301076,1909f56bfc062723c751e8b465ee728b)
Start importing Assets/ExampleAssets/Scripts/EnemyDatabase.cs using Guid(8efddbdd36475d8468f349be2862c693) Importer(815301076,1909f56bfc062723c751e8b465ee728b)  -> (artifact id: 'db99bab09c45a3df52d3da14cf7849c7') in 0.010070 seconds 
========================================================================
Received Import Request.
  Time since last request: 616.625008 seconds.
  path: Assets/ExampleAssets/Scripts/EnemyDatabase.cs
  artifactKey: Guid(8efddbdd36475d8468f349be2862c693) Importer(815301076,1909f56bfc062723c751e8b465ee728b)
Start importing Assets/ExampleAssets/Scripts/EnemyDatabase.cs using Guid(8efddbdd36475d8468f349be2862c693) Importer(815301076,1909f56bfc062723c751e8b465ee728b)  -> (artifact id: 'be8dcec22cf7b8f62381c8114233d0d0') in 0.005356 seconds 
========================================================================
Received Import Request.
  Time since last request: 213.953645 seconds.
  path: Assets/ExampleAssets/Scripts
  artifactKey: Guid(b7dc6893b21fb45f1b98fce4a2e373f4) Importer(815301076,1909f56bfc062723c751e8b465ee728b)
Start importing Assets/ExampleAssets/Scripts using Guid(b7dc6893b21fb45f1b98fce4a2e373f4) Importer(815301076,1909f56bfc062723c751e8b465ee728b)  -> (artifact id: '9d368db800c8672fea1f3499a195e4f8') in 0.005607 seconds 
========================================================================
Received Import Request.
  Time since last request: 14.991056 seconds.
  path: Assets/ExampleAssets/Scripts/EnemyDBEditor.cs
  artifactKey: Guid(8ad5aef43a4d89a41839872cc6f9929d) Importer(815301076,1909f56bfc062723c751e8b465ee728b)
Start importing Assets/ExampleAssets/Scripts/EnemyDBEditor.cs using Guid(8ad5aef43a4d89a41839872cc6f9929d) Importer(815301076,1909f56bfc062723c751e8b465ee728b)  -> (artifact id: '001c3833fd5db23893f9bd103e35116a') in 0.005359 seconds 
========================================================================
Received Import Request.
  Time since last request: 484.058532 seconds.
  path: Assets/ExampleAssets/Scripts/EnemyDBEditor.cs
  artifactKey: Guid(8ad5aef43a4d89a41839872cc6f9929d) Importer(815301076,1909f56bfc062723c751e8b465ee728b)
Start importing Assets/ExampleAssets/Scripts/EnemyDBEditor.cs using Guid(8ad5aef43a4d89a41839872cc6f9929d) Importer(815301076,1909f56bfc062723c751e8b465ee728b)  -> (artifact id: '7ea2618f43b08ef97809f0ff5136ebe8') in 0.010165 seconds 
========================================================================
Received Import Request.
  Time since last request: 24.017198 seconds.
  path: Assets/ExampleAssets/Scripts/EnemyDBEditor.cs
  artifactKey: Guid(8ad5aef43a4d89a41839872cc6f9929d) Importer(815301076,1909f56bfc062723c751e8b465ee728b)
Start importing Assets/ExampleAssets/Scripts/EnemyDBEditor.cs using Guid(8ad5aef43a4d89a41839872cc6f9929d) Importer(815301076,1909f56bfc062723c751e8b465ee728b)  -> (artifact id: '5148176e41800e741335b96f54e6af84') in 0.005369 seconds 
